  animatedSprite.cpp
C:\Users\Michael\Desktop\Cave Story\animatedSprite.cpp(46,25): warning C4018: '<': signed/unsigned mismatch
C:\Users\Michael\Desktop\Cave Story\animatedSprite.cpp(65,48): warning C4244: '=': conversion from 'float' to 'int', possible loss of data
C:\Users\Michael\Desktop\Cave Story\animatedSprite.cpp(66,48): warning C4244: '=': conversion from 'float' to 'int', possible loss of data
  Cave Story.cpp
C:\Users\Michael\Desktop\Cave Story\slope.h(21,59): warning C4244: '=': conversion from 'double' to 'float', possible loss of data
C:\Users\Michael\Desktop\Cave Story\door.h(17,134): warning C4244: 'argument': conversion from 'float' to 'int', possible loss of data
C:\Users\Michael\Desktop\Cave Story\door.h(17,96): warning C4244: 'argument': conversion from 'float' to 'int', possible loss of data
C:\Users\Michael\Desktop\Cave Story\door.h(17,59): warning C4244: 'argument': conversion from 'float' to 'int', possible loss of data
C:\Users\Michael\Desktop\Cave Story\door.h(17,24): warning C4244: 'argument': conversion from 'float' to 'int', possible loss of data
  game.cpp
C:\Users\Michael\Desktop\Cave Story\slope.h(21,59): warning C4244: '=': conversion from 'double' to 'float', possible loss of data
C:\Users\Michael\Desktop\Cave Story\door.h(17,134): warning C4244: 'argument': conversion from 'float' to 'int', possible loss of data
C:\Users\Michael\Desktop\Cave Story\door.h(17,96): warning C4244: 'argument': conversion from 'float' to 'int', possible loss of data
C:\Users\Michael\Desktop\Cave Story\door.h(17,59): warning C4244: 'argument': conversion from 'float' to 'int', possible loss of data
C:\Users\Michael\Desktop\Cave Story\door.h(17,24): warning C4244: 'argument': conversion from 'float' to 'int', possible loss of data
C:\Users\Michael\Desktop\Cave Story\game.cpp(96,19): warning C4244: 'argument': conversion from 'const _Ty' to 'float', possible loss of data
          with
          [
              _Ty=int
          ]
C:\Users\Michael\Desktop\Cave Story\game.cpp(115,22): warning C4244: 'argument': conversion from 'float' to 'int', possible loss of data
C:\Users\Michael\Desktop\Cave Story\game.cpp(117,20): warning C4244: 'argument': conversion from 'float' to 'int', possible loss of data
  hud.cpp
C:\Users\Michael\Desktop\Cave Story\slope.h(21,59): warning C4244: '=': conversion from 'double' to 'float', possible loss of data
C:\Users\Michael\Desktop\Cave Story\door.h(17,134): warning C4244: 'argument': conversion from 'float' to 'int', possible loss of data
C:\Users\Michael\Desktop\Cave Story\door.h(17,96): warning C4244: 'argument': conversion from 'float' to 'int', possible loss of data
C:\Users\Michael\Desktop\Cave Story\door.h(17,59): warning C4244: 'argument': conversion from 'float' to 'int', possible loss of data
C:\Users\Michael\Desktop\Cave Story\door.h(17,24): warning C4244: 'argument': conversion from 'float' to 'int', possible loss of data
C:\Users\Michael\Desktop\Cave Story\hud.cpp(24,46): warning C4244: 'argument': conversion from 'float' to 'int', possible loss of data
C:\Users\Michael\Desktop\Cave Story\hud.cpp(28,98): warning C4244: 'argument': conversion from 'float' to 'int', possible loss of data
C:\Users\Michael\Desktop\Cave Story\hud.cpp(28,67): warning C4244: 'argument': conversion from 'float' to 'int', possible loss of data
C:\Users\Michael\Desktop\Cave Story\hud.cpp(29,92): warning C4244: 'argument': conversion from 'float' to 'int', possible loss of data
C:\Users\Michael\Desktop\Cave Story\hud.cpp(29,63): warning C4244: 'argument': conversion from 'float' to 'int', possible loss of data
C:\Users\Michael\Desktop\Cave Story\hud.cpp(30,101): warning C4244: 'argument': conversion from 'float' to 'int', possible loss of data
C:\Users\Michael\Desktop\Cave Story\hud.cpp(30,69): warning C4244: 'argument': conversion from 'float' to 'int', possible loss of data
C:\Users\Michael\Desktop\Cave Story\hud.cpp(31,71): warning C4244: 'argument': conversion from 'float' to 'int', possible loss of data
C:\Users\Michael\Desktop\Cave Story\hud.cpp(31,49): warning C4244: 'argument': conversion from 'float' to 'int', possible loss of data
C:\Users\Michael\Desktop\Cave Story\hud.cpp(32,77): warning C4244: 'argument': conversion from 'float' to 'int', possible loss of data
C:\Users\Michael\Desktop\Cave Story\hud.cpp(32,53): warning C4244: 'argument': conversion from 'float' to 'int', possible loss of data
C:\Users\Michael\Desktop\Cave Story\hud.cpp(33,71): warning C4244: 'argument': conversion from 'float' to 'int', possible loss of data
C:\Users\Michael\Desktop\Cave Story\hud.cpp(33,49): warning C4244: 'argument': conversion from 'float' to 'int', possible loss of data
C:\Users\Michael\Desktop\Cave Story\hud.cpp(34,68): warning C4244: 'argument': conversion from 'float' to 'int', possible loss of data
C:\Users\Michael\Desktop\Cave Story\hud.cpp(34,47): warning C4244: 'argument': conversion from 'float' to 'int', possible loss of data
C:\Users\Michael\Desktop\Cave Story\hud.cpp(35,71): warning C4244: 'argument': conversion from 'float' to 'int', possible loss of data
C:\Users\Michael\Desktop\Cave Story\hud.cpp(35,49): warning C4244: 'argument': conversion from 'float' to 'int', possible loss of data
  level.cpp
C:\Users\Michael\Desktop\Cave Story\slope.h(21,59): warning C4244: '=': conversion from 'double' to 'float', possible loss of data
C:\Users\Michael\Desktop\Cave Story\door.h(17,134): warning C4244: 'argument': conversion from 'float' to 'int', possible loss of data
C:\Users\Michael\Desktop\Cave Story\door.h(17,96): warning C4244: 'argument': conversion from 'float' to 'int', possible loss of data
C:\Users\Michael\Desktop\Cave Story\door.h(17,59): warning C4244: 'argument': conversion from 'float' to 'int', possible loss of data
C:\Users\Michael\Desktop\Cave Story\door.h(17,24): warning C4244: 'argument': conversion from 'float' to 'int', possible loss of data
C:\Users\Michael\Desktop\Cave Story\level.cpp(71,47): warning C4244: '=': conversion from 'int64_t' to 'int', possible loss of data
C:\Users\Michael\Desktop\Cave Story\level.cpp(116,26): warning C4018: '<': signed/unsigned mismatch
C:\Users\Michael\Desktop\Cave Story\level.cpp(163,26): warning C4018: '<': signed/unsigned mismatch
C:\Users\Michael\Desktop\Cave Story\level.cpp(172,27): warning C4018: '<': signed/unsigned mismatch
C:\Users\Michael\Desktop\Cave Story\level.cpp(217,21): warning C4244: 'argument': conversion from 'float' to 'int', possible loss of data
C:\Users\Michael\Desktop\Cave Story\level.cpp(216,20): warning C4244: 'argument': conversion from 'float' to 'int', possible loss of data
C:\Users\Michael\Desktop\Cave Story\level.cpp(215,16): warning C4244: 'argument': conversion from 'float' to 'int', possible loss of data
C:\Users\Michael\Desktop\Cave Story\level.cpp(214,16): warning C4244: 'argument': conversion from 'float' to 'int', possible loss of data
C:\Users\Michael\Desktop\Cave Story\level.cpp(232,60): warning C4244: 'argument': conversion from 'float' to 'int', possible loss of data
C:\Users\Michael\Desktop\Cave Story\level.cpp(232,24): warning C4244: 'argument': conversion from 'float' to 'int', possible loss of data
C:\Users\Michael\Desktop\Cave Story\level.cpp(244,26): warning C4018: '<': signed/unsigned mismatch
C:\Users\Michael\Desktop\Cave Story\level.cpp(251,25): warning C4018: '<': signed/unsigned mismatch
C:\Users\Michael\Desktop\Cave Story\level.cpp(255,50): warning C4244: 'argument': conversion from 'float' to 'int', possible loss of data
C:\Users\Michael\Desktop\Cave Story\level.cpp(254,49): warning C4244: 'argument': conversion from 'float' to 'int', possible loss of data
C:\Users\Michael\Desktop\Cave Story\level.cpp(257,49): warning C4244: 'argument': conversion from 'float' to 'int', possible loss of data
C:\Users\Michael\Desktop\Cave Story\level.cpp(256,57): warning C4244: 'argument': conversion from 'float' to 'int', possible loss of data
C:\Users\Michael\Desktop\Cave Story\level.cpp(275,77): warning C4244: 'argument': conversion from 'float' to 'int', possible loss of data
C:\Users\Michael\Desktop\Cave Story\level.cpp(275,44): warning C4244: 'argument': conversion from 'float' to 'int', possible loss of data
C:\Users\Michael\Desktop\Cave Story\level.cpp(292,43): warning C4244: 'argument': conversion from 'float' to 'int', possible loss of data
C:\Users\Michael\Desktop\Cave Story\level.cpp(292,40): warning C4244: 'argument': conversion from 'float' to 'int', possible loss of data
C:\Users\Michael\Desktop\Cave Story\level.cpp(292,37): warning C4244: 'argument': conversion from 'float' to 'int', possible loss of data
C:\Users\Michael\Desktop\Cave Story\level.cpp(292,34): warning C4244: 'argument': conversion from 'float' to 'int', possible loss of data
C:\Users\Michael\Desktop\Cave Story\level.cpp(50,10): warning C4101: 'path': unreferenced local variable
C:\Users\Michael\Desktop\Cave Story\level.cpp(350,20): warning C4018: '<': signed/unsigned mismatch
C:\Users\Michael\Desktop\Cave Story\level.cpp(358,20): warning C4018: '<': signed/unsigned mismatch
C:\Users\Michael\Desktop\Cave Story\level.cpp(361,20): warning C4018: '<': signed/unsigned mismatch
C:\Users\Michael\Desktop\Cave Story\level.cpp(370,20): warning C4018: '<': signed/unsigned mismatch
C:\Users\Michael\Desktop\Cave Story\level.cpp(381,20): warning C4018: '<': signed/unsigned mismatch
C:\Users\Michael\Desktop\Cave Story\level.cpp(391,20): warning C4018: '<': signed/unsigned mismatch
  player.cpp
C:\Users\Michael\Desktop\Cave Story\slope.h(21,59): warning C4244: '=': conversion from 'double' to 'float', possible loss of data
C:\Users\Michael\Desktop\Cave Story\door.h(17,134): warning C4244: 'argument': conversion from 'float' to 'int', possible loss of data
C:\Users\Michael\Desktop\Cave Story\door.h(17,96): warning C4244: 'argument': conversion from 'float' to 'int', possible loss of data
C:\Users\Michael\Desktop\Cave Story\door.h(17,59): warning C4244: 'argument': conversion from 'float' to 'int', possible loss of data
C:\Users\Michael\Desktop\Cave Story\door.h(17,24): warning C4244: 'argument': conversion from 'float' to 'int', possible loss of data
C:\Users\Michael\Desktop\Cave Story\player.cpp(16,79): warning C4244: 'argument': conversion from 'int' to 'float', possible loss of data
C:\Users\Michael\Desktop\Cave Story\player.cpp(16,65): warning C4244: 'argument': conversion from 'int' to 'float', possible loss of data
C:\Users\Michael\Desktop\Cave Story\player.cpp(31,47): warning C4244: 'argument': conversion from 'float' to 'int', possible loss of data
C:\Users\Michael\Desktop\Cave Story\player.cpp(31,37): warning C4244: 'argument': conversion from 'float' to 'int', possible loss of data
C:\Users\Michael\Desktop\Cave Story\player.cpp(41,25): warning C4244: 'argument': conversion from 'float' to 'int', possible loss of data
C:\Users\Michael\Desktop\Cave Story\player.cpp(136,20): warning C4018: '<': signed/unsigned mismatch
C:\Users\Michael\Desktop\Cave Story\player.cpp(141,41): warning C4244: '=': conversion from 'int' to 'float', possible loss of data
C:\Users\Michael\Desktop\Cave Story\player.cpp(145,71): warning C4244: '=': conversion from 'int' to 'float', possible loss of data
C:\Users\Michael\Desktop\Cave Story\player.cpp(150,40): warning C4244: '=': conversion from 'int' to 'float', possible loss of data
C:\Users\Michael\Desktop\Cave Story\player.cpp(153,71): warning C4244: '=': conversion from 'int' to 'float', possible loss of data
C:\Users\Michael\Desktop\Cave Story\player.cpp(163,20): warning C4018: '<': signed/unsigned mismatch
C:\Users\Michael\Desktop\Cave Story\player.cpp(164,9): warning C4244: 'initializing': conversion from 'double' to 'int', possible loss of data
C:\Users\Michael\Desktop\Cave Story\player.cpp(166,12): warning C4244: 'initializing': conversion from 'float' to 'int', possible loss of data
C:\Users\Michael\Desktop\Cave Story\player.cpp(169,20): warning C4244: '=': conversion from 'int' to 'float', possible loss of data
C:\Users\Michael\Desktop\Cave Story\player.cpp(176,20): warning C4018: '<': signed/unsigned mismatch
C:\Users\Michael\Desktop\Cave Story\player.cpp(179,42): warning C4244: '=': conversion from 'const int' to 'float', possible loss of data
C:\Users\Michael\Desktop\Cave Story\player.cpp(180,42): warning C4244: '=': conversion from 'const int' to 'float', possible loss of data
  sprite.cpp
C:\Users\Michael\Desktop\Cave Story\sprite.cpp(24,91): warning C4244: 'argument': conversion from 'float' to 'int', possible loss of data
C:\Users\Michael\Desktop\Cave Story\sprite.cpp(24,59): warning C4244: 'argument': conversion from 'float' to 'int', possible loss of data
C:\Users\Michael\Desktop\Cave Story\sprite.cpp(24,47): warning C4244: 'argument': conversion from 'float' to 'int', possible loss of data
C:\Users\Michael\Desktop\Cave Story\sprite.cpp(24,37): warning C4244: 'argument': conversion from 'float' to 'int', possible loss of data
C:\Users\Michael\Desktop\Cave Story\sprite.cpp(31,107): warning C4244: 'argument': conversion from 'float' to 'int', possible loss of data
C:\Users\Michael\Desktop\Cave Story\sprite.cpp(31,68): warning C4244: 'argument': conversion from 'float' to 'int', possible loss of data
C:\Users\Michael\Desktop\Cave Story\sprite.cpp(31,48): warning C4244: 'argument': conversion from 'float' to 'int', possible loss of data
C:\Users\Michael\Desktop\Cave Story\sprite.cpp(31,38): warning C4244: 'argument': conversion from 'float' to 'int', possible loss of data
C:\Users\Michael\Desktop\Cave Story\sprite.cpp(36,63): warning C4838: conversion from 'float' to 'int' requires a narrowing conversion
C:\Users\Michael\Desktop\Cave Story\sprite.cpp(36,63): warning C4244: 'initializing': conversion from 'float' to 'int', possible loss of data
C:\Users\Michael\Desktop\Cave Story\sprite.cpp(36,108): warning C4838: conversion from 'float' to 'int' requires a narrowing conversion
C:\Users\Michael\Desktop\Cave Story\sprite.cpp(36,108): warning C4244: 'initializing': conversion from 'float' to 'int', possible loss of data
  Generating Code...
  Cave Story.vcxproj -> C:\Users\Michael\Desktop\Cave Story\Debug\Cave Story.exe
