  Cave Story.cpp
C:\Users\Michael\Desktop\Cave Story\slope.h(21,59): warning C4244: '=': conversion from 'double' to 'float', possible loss of data
  game.cpp
C:\Users\Michael\Desktop\Cave Story\slope.h(21,59): warning C4244: '=': conversion from 'double' to 'float', possible loss of data
C:\Users\Michael\Desktop\Cave Story\game.cpp(77,19): warning C4244: 'argument': conversion from 'const _Ty' to 'float', possible loss of data
          with
          [
              _Ty=int
          ]
C:\Users\Michael\Desktop\Cave Story\game.cpp(95,22): warning C4244: 'argument': conversion from 'float' to 'int', possible loss of data
  level.cpp
C:\Users\Michael\Desktop\Cave Story\slope.h(21,59): warning C4244: '=': conversion from 'double' to 'float', possible loss of data
C:\Users\Michael\Desktop\Cave Story\level.cpp(90,26): warning C4018: '<': signed/unsigned mismatch
C:\Users\Michael\Desktop\Cave Story\level.cpp(166,21): warning C4244: 'argument': conversion from 'float' to 'int', possible loss of data
C:\Users\Michael\Desktop\Cave Story\level.cpp(165,20): warning C4244: 'argument': conversion from 'float' to 'int', possible loss of data
C:\Users\Michael\Desktop\Cave Story\level.cpp(164,16): warning C4244: 'argument': conversion from 'float' to 'int', possible loss of data
C:\Users\Michael\Desktop\Cave Story\level.cpp(163,16): warning C4244: 'argument': conversion from 'float' to 'int', possible loss of data
C:\Users\Michael\Desktop\Cave Story\level.cpp(181,60): warning C4244: 'argument': conversion from 'float' to 'int', possible loss of data
C:\Users\Michael\Desktop\Cave Story\level.cpp(181,24): warning C4244: 'argument': conversion from 'float' to 'int', possible loss of data
C:\Users\Michael\Desktop\Cave Story\level.cpp(193,26): warning C4018: '<': signed/unsigned mismatch
C:\Users\Michael\Desktop\Cave Story\level.cpp(200,25): warning C4018: '<': signed/unsigned mismatch
C:\Users\Michael\Desktop\Cave Story\level.cpp(204,50): warning C4244: 'argument': conversion from 'float' to 'int', possible loss of data
C:\Users\Michael\Desktop\Cave Story\level.cpp(203,49): warning C4244: 'argument': conversion from 'float' to 'int', possible loss of data
C:\Users\Michael\Desktop\Cave Story\level.cpp(206,49): warning C4244: 'argument': conversion from 'float' to 'int', possible loss of data
C:\Users\Michael\Desktop\Cave Story\level.cpp(205,57): warning C4244: 'argument': conversion from 'float' to 'int', possible loss of data
C:\Users\Michael\Desktop\Cave Story\level.cpp(224,77): warning C4244: 'argument': conversion from 'float' to 'int', possible loss of data
C:\Users\Michael\Desktop\Cave Story\level.cpp(224,44): warning C4244: 'argument': conversion from 'float' to 'int', possible loss of data
C:\Users\Michael\Desktop\Cave Story\level.cpp(51,10): warning C4101: 'path': unreferenced local variable
C:\Users\Michael\Desktop\Cave Story\level.cpp(246,20): warning C4018: '<': signed/unsigned mismatch
C:\Users\Michael\Desktop\Cave Story\level.cpp(256,20): warning C4018: '<': signed/unsigned mismatch
C:\Users\Michael\Desktop\Cave Story\level.cpp(267,20): warning C4018: '<': signed/unsigned mismatch
  player.cpp
C:\Users\Michael\Desktop\Cave Story\slope.h(21,59): warning C4244: '=': conversion from 'double' to 'float', possible loss of data
C:\Users\Michael\Desktop\Cave Story\player.cpp(16,79): warning C4244: 'argument': conversion from 'int' to 'float', possible loss of data
C:\Users\Michael\Desktop\Cave Story\player.cpp(16,65): warning C4244: 'argument': conversion from 'int' to 'float', possible loss of data
C:\Users\Michael\Desktop\Cave Story\player.cpp(29,47): warning C4244: 'argument': conversion from 'float' to 'int', possible loss of data
C:\Users\Michael\Desktop\Cave Story\player.cpp(29,37): warning C4244: 'argument': conversion from 'float' to 'int', possible loss of data
C:\Users\Michael\Desktop\Cave Story\player.cpp(39,25): warning C4244: 'argument': conversion from 'float' to 'int', possible loss of data
C:\Users\Michael\Desktop\Cave Story\player.cpp(87,20): warning C4018: '<': signed/unsigned mismatch
C:\Users\Michael\Desktop\Cave Story\player.cpp(92,41): warning C4244: '=': conversion from 'int' to 'float', possible loss of data
C:\Users\Michael\Desktop\Cave Story\player.cpp(96,71): warning C4244: '=': conversion from 'int' to 'float', possible loss of data
C:\Users\Michael\Desktop\Cave Story\player.cpp(101,40): warning C4244: '=': conversion from 'int' to 'float', possible loss of data
C:\Users\Michael\Desktop\Cave Story\player.cpp(104,71): warning C4244: '=': conversion from 'int' to 'float', possible loss of data
C:\Users\Michael\Desktop\Cave Story\player.cpp(114,20): warning C4018: '<': signed/unsigned mismatch
C:\Users\Michael\Desktop\Cave Story\player.cpp(115,9): warning C4244: 'initializing': conversion from 'double' to 'int', possible loss of data
C:\Users\Michael\Desktop\Cave Story\player.cpp(117,12): warning C4244: 'initializing': conversion from 'float' to 'int', possible loss of data
C:\Users\Michael\Desktop\Cave Story\player.cpp(120,20): warning C4244: '=': conversion from 'int' to 'float', possible loss of data
  Generating Code...
  Cave Story.vcxproj -> C:\Users\Michael\Desktop\Cave Story\Debug\Cave Story.exe
