  Cave Story.cpp
C:\Users\Michael\Desktop\Cave Story\slope.h(21,59): warning C4244: '=': conversion from 'double' to 'float', possible loss of data
  game.cpp
C:\Users\Michael\Desktop\Cave Story\slope.h(21,59): warning C4244: '=': conversion from 'double' to 'float', possible loss of data
C:\Users\Michael\Desktop\Cave Story\game.cpp(77,19): warning C4244: 'argument': conversion from 'const _Ty' to 'float', possible loss of data
          with
          [
              _Ty=int
          ]
C:\Users\Michael\Desktop\Cave Story\game.cpp(95,22): warning C4244: 'argument': conversion from 'float' to 'int', possible loss of data
  level.cpp
C:\Users\Michael\Desktop\Cave Story\slope.h(21,59): warning C4244: '=': conversion from 'double' to 'float', possible loss of data
C:\Users\Michael\Desktop\Cave Story\level.cpp(72,47): warning C4244: '=': conversion from 'int64_t' to 'int', possible loss of data
C:\Users\Michael\Desktop\Cave Story\level.cpp(117,26): warning C4018: '<': signed/unsigned mismatch
C:\Users\Michael\Desktop\Cave Story\level.cpp(164,26): warning C4018: '<': signed/unsigned mismatch
C:\Users\Michael\Desktop\Cave Story\level.cpp(173,27): warning C4018: '<': signed/unsigned mismatch
C:\Users\Michael\Desktop\Cave Story\level.cpp(218,21): warning C4244: 'argument': conversion from 'float' to 'int', possible loss of data
C:\Users\Michael\Desktop\Cave Story\level.cpp(217,20): warning C4244: 'argument': conversion from 'float' to 'int', possible loss of data
C:\Users\Michael\Desktop\Cave Story\level.cpp(216,16): warning C4244: 'argument': conversion from 'float' to 'int', possible loss of data
C:\Users\Michael\Desktop\Cave Story\level.cpp(215,16): warning C4244: 'argument': conversion from 'float' to 'int', possible loss of data
C:\Users\Michael\Desktop\Cave Story\level.cpp(233,60): warning C4244: 'argument': conversion from 'float' to 'int', possible loss of data
C:\Users\Michael\Desktop\Cave Story\level.cpp(233,24): warning C4244: 'argument': conversion from 'float' to 'int', possible loss of data
C:\Users\Michael\Desktop\Cave Story\level.cpp(245,26): warning C4018: '<': signed/unsigned mismatch
C:\Users\Michael\Desktop\Cave Story\level.cpp(252,25): warning C4018: '<': signed/unsigned mismatch
C:\Users\Michael\Desktop\Cave Story\level.cpp(256,50): warning C4244: 'argument': conversion from 'float' to 'int', possible loss of data
C:\Users\Michael\Desktop\Cave Story\level.cpp(255,49): warning C4244: 'argument': conversion from 'float' to 'int', possible loss of data
C:\Users\Michael\Desktop\Cave Story\level.cpp(258,49): warning C4244: 'argument': conversion from 'float' to 'int', possible loss of data
C:\Users\Michael\Desktop\Cave Story\level.cpp(257,57): warning C4244: 'argument': conversion from 'float' to 'int', possible loss of data
C:\Users\Michael\Desktop\Cave Story\level.cpp(276,77): warning C4244: 'argument': conversion from 'float' to 'int', possible loss of data
C:\Users\Michael\Desktop\Cave Story\level.cpp(276,44): warning C4244: 'argument': conversion from 'float' to 'int', possible loss of data
C:\Users\Michael\Desktop\Cave Story\level.cpp(51,10): warning C4101: 'path': unreferenced local variable
C:\Users\Michael\Desktop\Cave Story\level.cpp(307,20): warning C4018: '<': signed/unsigned mismatch
C:\Users\Michael\Desktop\Cave Story\level.cpp(315,20): warning C4018: '<': signed/unsigned mismatch
C:\Users\Michael\Desktop\Cave Story\level.cpp(318,20): warning C4018: '<': signed/unsigned mismatch
C:\Users\Michael\Desktop\Cave Story\level.cpp(327,20): warning C4018: '<': signed/unsigned mismatch
C:\Users\Michael\Desktop\Cave Story\level.cpp(338,20): warning C4018: '<': signed/unsigned mismatch
  Generating Code...
  Cave Story.vcxproj -> C:\Users\Michael\Desktop\Cave Story\Debug\Cave Story.exe
