  animatedSprite.cpp
C:\Users\Michael\Desktop\Cave Story - Copy\animatedSprite.cpp(46,25): warning C4018: '<': signed/unsigned mismatch
C:\Users\Michael\Desktop\Cave Story - Copy\animatedSprite.cpp(65,48): warning C4244: '=': conversion from 'float' to 'int', possible loss of data
C:\Users\Michael\Desktop\Cave Story - Copy\animatedSprite.cpp(66,48): warning C4244: '=': conversion from 'float' to 'int', possible loss of data
  Cave Story.cpp
  game.cpp
C:\Users\Michael\Desktop\Cave Story - Copy\game.cpp(71,19): warning C4244: 'argument': conversion from 'const _Ty' to 'float', possible loss of data
          with
          [
              _Ty=int
          ]
  graphics.cpp
  input.cpp
  player.cpp
C:\Users\Michael\Desktop\Cave Story - Copy\player.cpp(21,47): warning C4244: 'argument': conversion from 'float' to 'int', possible loss of data
C:\Users\Michael\Desktop\Cave Story - Copy\player.cpp(21,37): warning C4244: 'argument': conversion from 'float' to 'int', possible loss of data
C:\Users\Michael\Desktop\Cave Story - Copy\player.cpp(27,25): warning C4244: 'argument': conversion from 'float' to 'int', possible loss of data
  sprite.cpp
C:\Users\Michael\Desktop\Cave Story - Copy\sprite.cpp(32,63): warning C4838: conversion from 'float' to 'int' requires a narrowing conversion
C:\Users\Michael\Desktop\Cave Story - Copy\sprite.cpp(32,63): warning C4244: 'initializing': conversion from 'float' to 'int', possible loss of data
C:\Users\Michael\Desktop\Cave Story - Copy\sprite.cpp(32,108): warning C4838: conversion from 'float' to 'int' requires a narrowing conversion
C:\Users\Michael\Desktop\Cave Story - Copy\sprite.cpp(32,108): warning C4244: 'initializing': conversion from 'float' to 'int', possible loss of data
  Generating Code...
  Cave Story.vcxproj -> C:\Users\Michael\Desktop\Cave Story - Copy\Debug\Cave Story.exe
